{"/Users/Andrey/Desktop/Наша учеба и творчество/HTML_CSS_JS exp/NodeJS/homework5/src/js/Bowman.js": {"path":"/Users/Andrey/Desktop/Наша учеба и творчество/HTML_CSS_JS exp/NodeJS/homework5/src/js/Bowman.js","statementMap":{"0":{"start":{"line":5,"column":3},"end":{"line":5,"column":53}}},"fnMap":{"0":{"name":"(anonymous_0)","decl":{"start":{"line":4,"column":2},"end":{"line":4,"column":3}},"loc":{"start":{"line":4,"column":89},"end":{"line":6,"column":3}},"line":4}},"branchMap":{"0":{"loc":{"start":{"line":4,"column":20},"end":{"line":4,"column":35}},"type":"default-arg","locations":[{"start":{"line":4,"column":27},"end":{"line":4,"column":35}}],"line":4},"1":{"loc":{"start":{"line":4,"column":37},"end":{"line":4,"column":49}},"type":"default-arg","locations":[{"start":{"line":4,"column":46},"end":{"line":4,"column":49}}],"line":4},"2":{"loc":{"start":{"line":4,"column":51},"end":{"line":4,"column":60}},"type":"default-arg","locations":[{"start":{"line":4,"column":59},"end":{"line":4,"column":60}}],"line":4},"3":{"loc":{"start":{"line":4,"column":62},"end":{"line":4,"column":73}},"type":"default-arg","locations":[{"start":{"line":4,"column":71},"end":{"line":4,"column":73}}],"line":4},"4":{"loc":{"start":{"line":4,"column":75},"end":{"line":4,"column":87}},"type":"default-arg","locations":[{"start":{"line":4,"column":85},"end":{"line":4,"column":87}}],"line":4}},"s":{"0":1},"f":{"0":1},"b":{"0":[1],"1":[1],"2":[1],"3":[1],"4":[1]},"_coverageSchema":"1a1c01bbd47fc00a2c39e90264f33305004495a9","hash":"8a82d10486c807eadd408b5cab38ce6fb49f3e79"}
,"/Users/Andrey/Desktop/Наша учеба и творчество/HTML_CSS_JS exp/NodeJS/homework5/src/js/Character.js": {"path":"/Users/Andrey/Desktop/Наша учеба и творчество/HTML_CSS_JS exp/NodeJS/homework5/src/js/Character.js","statementMap":{"0":{"start":{"line":3,"column":1},"end":{"line":7,"column":2}},"1":{"start":{"line":4,"column":3},"end":{"line":4,"column":20}},"2":{"start":{"line":6,"column":3},"end":{"line":6,"column":40}},"3":{"start":{"line":8,"column":1},"end":{"line":29,"column":2}},"4":{"start":{"line":10,"column":5},"end":{"line":10,"column":22}},"5":{"start":{"line":11,"column":5},"end":{"line":11,"column":11}},"6":{"start":{"line":13,"column":9},"end":{"line":13,"column":26}},"7":{"start":{"line":14,"column":9},"end":{"line":14,"column":15}},"8":{"start":{"line":16,"column":5},"end":{"line":16,"column":22}},"9":{"start":{"line":17,"column":5},"end":{"line":17,"column":11}},"10":{"start":{"line":19,"column":5},"end":{"line":19,"column":22}},"11":{"start":{"line":20,"column":5},"end":{"line":20,"column":11}},"12":{"start":{"line":22,"column":5},"end":{"line":22,"column":22}},"13":{"start":{"line":23,"column":5},"end":{"line":23,"column":11}},"14":{"start":{"line":25,"column":5},"end":{"line":25,"column":22}},"15":{"start":{"line":26,"column":5},"end":{"line":26,"column":11}},"16":{"start":{"line":28,"column":5},"end":{"line":28,"column":42}},"17":{"start":{"line":30,"column":2},"end":{"line":30,"column":23}},"18":{"start":{"line":31,"column":2},"end":{"line":31,"column":21}},"19":{"start":{"line":32,"column":2},"end":{"line":32,"column":23}},"20":{"start":{"line":33,"column":1},"end":{"line":33,"column":24}}},"fnMap":{"0":{"name":"(anonymous_0)","decl":{"start":{"line":2,"column":2},"end":{"line":2,"column":3}},"loc":{"start":{"line":2,"column":58},"end":{"line":34,"column":2}},"line":2}},"branchMap":{"0":{"loc":{"start":{"line":3,"column":1},"end":{"line":7,"column":2}},"type":"if","locations":[{"start":{"line":3,"column":1},"end":{"line":7,"column":2}},{"start":{"line":5,"column":8},"end":{"line":7,"column":2}}],"line":3},"1":{"loc":{"start":{"line":3,"column":4},"end":{"line":3,"column":41}},"type":"binary-expr","locations":[{"start":{"line":3,"column":4},"end":{"line":3,"column":20}},{"start":{"line":3,"column":24},"end":{"line":3,"column":41}}],"line":3},"2":{"loc":{"start":{"line":8,"column":1},"end":{"line":29,"column":2}},"type":"switch","locations":[{"start":{"line":9,"column":3},"end":{"line":11,"column":11}},{"start":{"line":12,"column":3},"end":{"line":14,"column":15}},{"start":{"line":15,"column":3},"end":{"line":17,"column":11}},{"start":{"line":18,"column":3},"end":{"line":20,"column":11}},{"start":{"line":21,"column":3},"end":{"line":23,"column":11}},{"start":{"line":24,"column":3},"end":{"line":26,"column":11}},{"start":{"line":27,"column":3},"end":{"line":28,"column":42}}],"line":8}},"s":{"0":6,"1":6,"2":0,"3":6,"4":1,"5":1,"6":1,"7":1,"8":1,"9":1,"10":1,"11":1,"12":1,"13":1,"14":1,"15":1,"16":0,"17":6,"18":6,"19":6,"20":6},"f":{"0":6},"b":{"0":[6,0],"1":[6,6],"2":[1,1,1,1,1,1,0]},"_coverageSchema":"1a1c01bbd47fc00a2c39e90264f33305004495a9","hash":"b7d0fde76c3f6154f5d9c45b792eba72b8b0dae5"}
,"/Users/Andrey/Desktop/Наша учеба и творчество/HTML_CSS_JS exp/NodeJS/homework5/src/js/Daemon.js": {"path":"/Users/Andrey/Desktop/Наша учеба и творчество/HTML_CSS_JS exp/NodeJS/homework5/src/js/Daemon.js","statementMap":{"0":{"start":{"line":5,"column":3},"end":{"line":5,"column":53}}},"fnMap":{"0":{"name":"(anonymous_0)","decl":{"start":{"line":4,"column":2},"end":{"line":4,"column":3}},"loc":{"start":{"line":4,"column":89},"end":{"line":6,"column":3}},"line":4}},"branchMap":{"0":{"loc":{"start":{"line":4,"column":20},"end":{"line":4,"column":35}},"type":"default-arg","locations":[{"start":{"line":4,"column":27},"end":{"line":4,"column":35}}],"line":4},"1":{"loc":{"start":{"line":4,"column":37},"end":{"line":4,"column":49}},"type":"default-arg","locations":[{"start":{"line":4,"column":46},"end":{"line":4,"column":49}}],"line":4},"2":{"loc":{"start":{"line":4,"column":51},"end":{"line":4,"column":60}},"type":"default-arg","locations":[{"start":{"line":4,"column":59},"end":{"line":4,"column":60}}],"line":4},"3":{"loc":{"start":{"line":4,"column":62},"end":{"line":4,"column":73}},"type":"default-arg","locations":[{"start":{"line":4,"column":71},"end":{"line":4,"column":73}}],"line":4},"4":{"loc":{"start":{"line":4,"column":75},"end":{"line":4,"column":87}},"type":"default-arg","locations":[{"start":{"line":4,"column":85},"end":{"line":4,"column":87}}],"line":4}},"s":{"0":1},"f":{"0":1},"b":{"0":[1],"1":[1],"2":[1],"3":[1],"4":[1]},"_coverageSchema":"1a1c01bbd47fc00a2c39e90264f33305004495a9","hash":"9de3c8ed39d2b5aa6c9a96d2e59a93a01eabad0c"}
,"/Users/Andrey/Desktop/Наша учеба и творчество/HTML_CSS_JS exp/NodeJS/homework5/src/js/Magician.js": {"path":"/Users/Andrey/Desktop/Наша учеба и творчество/HTML_CSS_JS exp/NodeJS/homework5/src/js/Magician.js","statementMap":{"0":{"start":{"line":5,"column":3},"end":{"line":5,"column":53}}},"fnMap":{"0":{"name":"(anonymous_0)","decl":{"start":{"line":4,"column":2},"end":{"line":4,"column":3}},"loc":{"start":{"line":4,"column":91},"end":{"line":6,"column":3}},"line":4}},"branchMap":{"0":{"loc":{"start":{"line":4,"column":20},"end":{"line":4,"column":37}},"type":"default-arg","locations":[{"start":{"line":4,"column":27},"end":{"line":4,"column":37}}],"line":4},"1":{"loc":{"start":{"line":4,"column":39},"end":{"line":4,"column":51}},"type":"default-arg","locations":[{"start":{"line":4,"column":48},"end":{"line":4,"column":51}}],"line":4},"2":{"loc":{"start":{"line":4,"column":53},"end":{"line":4,"column":62}},"type":"default-arg","locations":[{"start":{"line":4,"column":61},"end":{"line":4,"column":62}}],"line":4},"3":{"loc":{"start":{"line":4,"column":64},"end":{"line":4,"column":75}},"type":"default-arg","locations":[{"start":{"line":4,"column":73},"end":{"line":4,"column":75}}],"line":4},"4":{"loc":{"start":{"line":4,"column":77},"end":{"line":4,"column":89}},"type":"default-arg","locations":[{"start":{"line":4,"column":87},"end":{"line":4,"column":89}}],"line":4}},"s":{"0":1},"f":{"0":1},"b":{"0":[1],"1":[1],"2":[1],"3":[1],"4":[1]},"_coverageSchema":"1a1c01bbd47fc00a2c39e90264f33305004495a9","hash":"2548a0b1c8716821b402e6723d725532a2fd5967"}
,"/Users/Andrey/Desktop/Наша учеба и творчество/HTML_CSS_JS exp/NodeJS/homework5/src/js/Swordsman.js": {"path":"/Users/Andrey/Desktop/Наша учеба и творчество/HTML_CSS_JS exp/NodeJS/homework5/src/js/Swordsman.js","statementMap":{"0":{"start":{"line":5,"column":3},"end":{"line":5,"column":53}}},"fnMap":{"0":{"name":"(anonymous_0)","decl":{"start":{"line":4,"column":2},"end":{"line":4,"column":3}},"loc":{"start":{"line":4,"column":92},"end":{"line":6,"column":3}},"line":4}},"branchMap":{"0":{"loc":{"start":{"line":4,"column":20},"end":{"line":4,"column":38}},"type":"default-arg","locations":[{"start":{"line":4,"column":27},"end":{"line":4,"column":38}}],"line":4},"1":{"loc":{"start":{"line":4,"column":40},"end":{"line":4,"column":52}},"type":"default-arg","locations":[{"start":{"line":4,"column":49},"end":{"line":4,"column":52}}],"line":4},"2":{"loc":{"start":{"line":4,"column":54},"end":{"line":4,"column":63}},"type":"default-arg","locations":[{"start":{"line":4,"column":62},"end":{"line":4,"column":63}}],"line":4},"3":{"loc":{"start":{"line":4,"column":65},"end":{"line":4,"column":76}},"type":"default-arg","locations":[{"start":{"line":4,"column":74},"end":{"line":4,"column":76}}],"line":4},"4":{"loc":{"start":{"line":4,"column":78},"end":{"line":4,"column":90}},"type":"default-arg","locations":[{"start":{"line":4,"column":88},"end":{"line":4,"column":90}}],"line":4}},"s":{"0":1},"f":{"0":1},"b":{"0":[1],"1":[1],"2":[1],"3":[1],"4":[1]},"_coverageSchema":"1a1c01bbd47fc00a2c39e90264f33305004495a9","hash":"2495630e7a7427591540c327a8a5e736c0cd275d"}
,"/Users/Andrey/Desktop/Наша учеба и творчество/HTML_CSS_JS exp/NodeJS/homework5/src/js/Undead.js": {"path":"/Users/Andrey/Desktop/Наша учеба и творчество/HTML_CSS_JS exp/NodeJS/homework5/src/js/Undead.js","statementMap":{"0":{"start":{"line":5,"column":3},"end":{"line":5,"column":53}}},"fnMap":{"0":{"name":"(anonymous_0)","decl":{"start":{"line":4,"column":2},"end":{"line":4,"column":3}},"loc":{"start":{"line":4,"column":89},"end":{"line":6,"column":3}},"line":4}},"branchMap":{"0":{"loc":{"start":{"line":4,"column":20},"end":{"line":4,"column":35}},"type":"default-arg","locations":[{"start":{"line":4,"column":27},"end":{"line":4,"column":35}}],"line":4},"1":{"loc":{"start":{"line":4,"column":37},"end":{"line":4,"column":49}},"type":"default-arg","locations":[{"start":{"line":4,"column":46},"end":{"line":4,"column":49}}],"line":4},"2":{"loc":{"start":{"line":4,"column":51},"end":{"line":4,"column":60}},"type":"default-arg","locations":[{"start":{"line":4,"column":59},"end":{"line":4,"column":60}}],"line":4},"3":{"loc":{"start":{"line":4,"column":62},"end":{"line":4,"column":73}},"type":"default-arg","locations":[{"start":{"line":4,"column":71},"end":{"line":4,"column":73}}],"line":4},"4":{"loc":{"start":{"line":4,"column":75},"end":{"line":4,"column":87}},"type":"default-arg","locations":[{"start":{"line":4,"column":85},"end":{"line":4,"column":87}}],"line":4}},"s":{"0":1},"f":{"0":1},"b":{"0":[1],"1":[1],"2":[1],"3":[1],"4":[1]},"_coverageSchema":"1a1c01bbd47fc00a2c39e90264f33305004495a9","hash":"5837ec417e088896b29daf48a0995e47c78b81fc"}
,"/Users/Andrey/Desktop/Наша учеба и творчество/HTML_CSS_JS exp/NodeJS/homework5/src/js/Zombie.js": {"path":"/Users/Andrey/Desktop/Наша учеба и творчество/HTML_CSS_JS exp/NodeJS/homework5/src/js/Zombie.js","statementMap":{"0":{"start":{"line":5,"column":3},"end":{"line":5,"column":53}}},"fnMap":{"0":{"name":"(anonymous_0)","decl":{"start":{"line":4,"column":2},"end":{"line":4,"column":3}},"loc":{"start":{"line":4,"column":89},"end":{"line":6,"column":3}},"line":4}},"branchMap":{"0":{"loc":{"start":{"line":4,"column":20},"end":{"line":4,"column":35}},"type":"default-arg","locations":[{"start":{"line":4,"column":27},"end":{"line":4,"column":35}}],"line":4},"1":{"loc":{"start":{"line":4,"column":37},"end":{"line":4,"column":49}},"type":"default-arg","locations":[{"start":{"line":4,"column":46},"end":{"line":4,"column":49}}],"line":4},"2":{"loc":{"start":{"line":4,"column":51},"end":{"line":4,"column":60}},"type":"default-arg","locations":[{"start":{"line":4,"column":59},"end":{"line":4,"column":60}}],"line":4},"3":{"loc":{"start":{"line":4,"column":62},"end":{"line":4,"column":73}},"type":"default-arg","locations":[{"start":{"line":4,"column":71},"end":{"line":4,"column":73}}],"line":4},"4":{"loc":{"start":{"line":4,"column":75},"end":{"line":4,"column":87}},"type":"default-arg","locations":[{"start":{"line":4,"column":85},"end":{"line":4,"column":87}}],"line":4}},"s":{"0":1},"f":{"0":1},"b":{"0":[1],"1":[1],"2":[1],"3":[1],"4":[1]},"_coverageSchema":"1a1c01bbd47fc00a2c39e90264f33305004495a9","hash":"41473444748cb29d451cff1bd44ecfcea23441db"}
}
