TN:
SF:src/js/Bowman.js
FN:4,(anonymous_0)
FNF:1
FNH:1
FNDA:1,(anonymous_0)
DA:5,1
LF:1
LH:1
BRDA:4,0,0,1
BRDA:4,1,0,1
BRDA:4,2,0,1
BRDA:4,3,0,1
BRDA:4,4,0,1
BRF:5
BRH:5
end_of_record
TN:
SF:src/js/Character.js
FN:2,(anonymous_0)
FNF:1
FNH:1
FNDA:6,(anonymous_0)
DA:3,6
DA:4,6
DA:6,0
DA:8,6
DA:10,1
DA:11,1
DA:13,1
DA:14,1
DA:16,1
DA:17,1
DA:19,1
DA:20,1
DA:22,1
DA:23,1
DA:25,1
DA:26,1
DA:28,0
DA:30,6
DA:31,6
DA:32,6
DA:33,6
LF:21
LH:19
BRDA:3,0,0,6
BRDA:3,0,1,0
BRDA:3,1,0,6
BRDA:3,1,1,6
BRDA:8,2,0,1
BRDA:8,2,1,1
BRDA:8,2,2,1
BRDA:8,2,3,1
BRDA:8,2,4,1
BRDA:8,2,5,1
BRDA:8,2,6,0
BRF:11
BRH:9
end_of_record
TN:
SF:src/js/Daemon.js
FN:4,(anonymous_0)
FNF:1
FNH:1
FNDA:1,(anonymous_0)
DA:5,1
LF:1
LH:1
BRDA:4,0,0,1
BRDA:4,1,0,1
BRDA:4,2,0,1
BRDA:4,3,0,1
BRDA:4,4,0,1
BRF:5
BRH:5
end_of_record
TN:
SF:src/js/Magician.js
FN:4,(anonymous_0)
FNF:1
FNH:1
FNDA:1,(anonymous_0)
DA:5,1
LF:1
LH:1
BRDA:4,0,0,1
BRDA:4,1,0,1
BRDA:4,2,0,1
BRDA:4,3,0,1
BRDA:4,4,0,1
BRF:5
BRH:5
end_of_record
TN:
SF:src/js/Swordsman.js
FN:4,(anonymous_0)
FNF:1
FNH:1
FNDA:1,(anonymous_0)
DA:5,1
LF:1
LH:1
BRDA:4,0,0,1
BRDA:4,1,0,1
BRDA:4,2,0,1
BRDA:4,3,0,1
BRDA:4,4,0,1
BRF:5
BRH:5
end_of_record
TN:
SF:src/js/Undead.js
FN:4,(anonymous_0)
FNF:1
FNH:1
FNDA:1,(anonymous_0)
DA:5,1
LF:1
LH:1
BRDA:4,0,0,1
BRDA:4,1,0,1
BRDA:4,2,0,1
BRDA:4,3,0,1
BRDA:4,4,0,1
BRF:5
BRH:5
end_of_record
TN:
SF:src/js/Zombie.js
FN:4,(anonymous_0)
FNF:1
FNH:1
FNDA:1,(anonymous_0)
DA:5,1
LF:1
LH:1
BRDA:4,0,0,1
BRDA:4,1,0,1
BRDA:4,2,0,1
BRDA:4,3,0,1
BRDA:4,4,0,1
BRF:5
BRH:5
end_of_record
